app/build/intermediates/manifest_merge_blame_file/debug/manifest-merger-blame-debug-report.txt
1<?xml version="1.0" encoding="utf-8"?>
2<manifest xmlns:android="http://schemas.android.com/apk/res/android"
3    package="com.bae.ChatbotMonopoli"
4    android:versionCode="1"
5    android:versionName="1.0" >
6
7    <uses-sdk
8        android:minSdkVersion="23"
8-->src\main\AndroidManifest.xml
9        android:targetSdkVersion="30" />
9-->src\main\AndroidManifest.xml
10
11    <uses-permission android:name="android.permission.INTERNET" />
11-->src\main\AndroidManifest.xml:5:3-64
11-->src\main\AndroidManifest.xml:5:20-62
12    <uses-permission android:name="android.permission. ACCESS_COARSE_LOCATION" />
12-->src\main\AndroidManifest.xml:6:3-80
12-->src\main\AndroidManifest.xml:6:20-77
13    <uses-permission android:name="android.permission.ACCESS_FINE_LOCATION" />
13-->src\main\AndroidManifest.xml:7:3-77
13-->src\main\AndroidManifest.xml:7:20-74
14
15    <application
15-->src\main\AndroidManifest.xml:9:3-23:17
16        android:allowBackup="true"
16-->src\main\AndroidManifest.xml:10:7-33
17        android:appComponentFactory="androidx.core.app.CoreComponentFactory"
17-->[androidx.core:core:1.3.0] AndroidManifest.xml:24:18-86
18        android:debuggable="true"
19        android:extractNativeLibs="false"
20        android:icon="@mipmap/ic_launcher"
20-->src\main\AndroidManifest.xml:11:7-41
21        android:label="@string/app_name"
21-->src\main\AndroidManifest.xml:12:7-39
22        android:roundIcon="@mipmap/ic_launcher_round"
22-->src\main\AndroidManifest.xml:13:7-52
23        android:supportsRtl="true"
23-->src\main\AndroidManifest.xml:14:7-33
24        android:testOnly="true"
25        android:theme="@style/AppTheme" >
25-->src\main\AndroidManifest.xml:15:7-38
26        <activity android:name="com.sysag.ChatbotMonopoli.MainActivity" >
26-->src\main\AndroidManifest.xml:16:5-22:16
26-->src\main\AndroidManifest.xml:16:15-68
27            <intent-filter>
27-->src\main\AndroidManifest.xml:17:7-21:23
28                <action android:name="android.intent.action.MAIN" />
28-->src\main\AndroidManifest.xml:18:9-61
28-->src\main\AndroidManifest.xml:18:17-58
29
30                <category android:name="android.intent.category.LAUNCHER" />
30-->src\main\AndroidManifest.xml:20:9-69
30-->src\main\AndroidManifest.xml:20:19-66
31            </intent-filter>
32        </activity>
33        <activity
33-->[com.google.android.gms:play-services-base:17.3.0] AndroidManifest.xml:23:9-26:75
34            android:name="com.google.android.gms.common.api.GoogleApiActivity"
34-->[com.google.android.gms:play-services-base:17.3.0] AndroidManifest.xml:24:13-79
35            android:exported="false"
35-->[com.google.android.gms:play-services-base:17.3.0] AndroidManifest.xml:25:13-37
36            android:theme="@android:style/Theme.Translucent.NoTitleBar" />
36-->[com.google.android.gms:play-services-base:17.3.0] AndroidManifest.xml:26:13-72
37
38        <meta-data
38-->[com.google.android.gms:play-services-basement:17.3.0] AndroidManifest.xml:23:9-25:69
39            android:name="com.google.android.gms.version"
39-->[com.google.android.gms:play-services-basement:17.3.0] AndroidManifest.xml:24:13-58
40            android:value="@integer/google_play_services_version" />
40-->[com.google.android.gms:play-services-basement:17.3.0] AndroidManifest.xml:25:13-66
41    </application>
42
43</manifest>